2022-06-11T22:38:10.110Z [warn] WARNING: {{range}} was not converted as it has positional parameters which can't be automatically converted. Source: tests/dummy/app/templates/demo.hbs
2022-06-11T22:38:10.111Z [warn] WARNING: {{inc}} was not converted as it has positional parameters which can't be automatically converted. Source: tests/dummy/app/templates/demo.hbs
2022-06-11T22:38:10.112Z [warn] WARNING: {{inc}} was not converted as it has positional parameters which can't be automatically converted. Source: tests/dummy/app/templates/demo.hbs
2022-06-11T22:38:10.134Z [warn] WARNING: {{range}} was not converted as it has positional parameters which can't be automatically converted. Source: tests/dummy/app/templates/index.hbs
2022-06-11T22:38:10.161Z [warn] WARNING: {{range}} was not converted as it has positional parameters which can't be automatically converted. Source: tests/dummy/app/templates/docs/getting-started.hbs
2022-06-11T22:38:10.162Z [warn] WARNING: {{range}} was not converted as it has positional parameters which can't be automatically converted. Source: tests/dummy/app/templates/docs/getting-started.hbs
2022-06-11T22:38:10.135Z [warn] WARNING: {{inc}} was not converted as it has positional parameters which can't be automatically converted. Source: tests/dummy/app/templates/index.hbs
2022-06-11T22:38:10.142Z [warn] WARNING: {{nav.section}} was not converted as it has positional parameters which can't be automatically converted. Source: tests/dummy/app/templates/docs.hbs
2022-06-11T22:38:10.143Z [warn] WARNING: {{nav.item}} was not converted as it has positional parameters which can't be automatically converted. Source: tests/dummy/app/templates/docs.hbs
2022-06-11T22:38:10.143Z [warn] WARNING: {{nav.item}} was not converted as it has positional parameters which can't be automatically converted. Source: tests/dummy/app/templates/docs.hbs
2022-06-11T22:38:10.143Z [warn] WARNING: {{nav.item}} was not converted as it has positional parameters which can't be automatically converted. Source: tests/dummy/app/templates/docs.hbs
2022-06-11T22:38:10.143Z [warn] WARNING: {{nav.item}} was not converted as it has positional parameters which can't be automatically converted. Source: tests/dummy/app/templates/docs.hbs
2022-06-11T22:38:10.143Z [warn] WARNING: {{nav.section}} was not converted as it has positional parameters which can't be automatically converted. Source: tests/dummy/app/templates/docs.hbs
2022-06-11T22:38:10.143Z [warn] WARNING: {{nav.item}} was not converted as it has positional parameters which can't be automatically converted. Source: tests/dummy/app/templates/docs.hbs
2022-06-11T22:38:10.143Z [warn] WARNING: {{nav.item}} was not converted as it has positional parameters which can't be automatically converted. Source: tests/dummy/app/templates/docs.hbs
2022-06-11T22:38:10.143Z [warn] WARNING: {{nav.item}} was not converted as it has positional parameters which can't be automatically converted. Source: tests/dummy/app/templates/docs.hbs
2022-06-11T22:38:10.143Z [warn] WARNING: {{nav.item}} was not converted as it has positional parameters which can't be automatically converted. Source: tests/dummy/app/templates/docs.hbs
2022-06-11T22:38:10.143Z [warn] WARNING: {{nav.item}} was not converted as it has positional parameters which can't be automatically converted. Source: tests/dummy/app/templates/docs.hbs
2022-06-11T22:38:10.143Z [warn] WARNING: {{nav.item}} was not converted as it has positional parameters which can't be automatically converted. Source: tests/dummy/app/templates/docs.hbs
2022-06-11T22:38:10.143Z [warn] WARNING: {{nav.item}} was not converted as it has positional parameters which can't be automatically converted. Source: tests/dummy/app/templates/docs.hbs
2022-06-11T22:38:10.144Z [warn] WARNING: {{header.link}} was not converted as it has positional parameters which can't be automatically converted. Source: tests/dummy/app/templates/components/app-topbar.hbs
